mi_card_flutter/build/app/intermediates/manifest_merge_blame_file/debug/manifest-merger-blame-debug-report.txt
1<?xml version="1.0" encoding="utf-8"?>
2<manifest xmlns:android="http://schemas.android.com/apk/res/android"
3    package="co.appbrewery.micard"
4    android:versionCode="1"
5    android:versionName="1.0.0" >
6
7    <uses-sdk
8        android:minSdkVersion="16"
9        android:targetSdkVersion="29" />
10    <!--
11         The INTERNET permission is required for development. Specifically,
12         the Flutter tool needs it to communicate with the running application
13         to allow setting breakpoints, to provide hot reload, etc.
14    -->
15    <uses-permission android:name="android.permission.INTERNET" />
15-->src\main\AndroidManifest.xml:8:5-66
15-->src\main\AndroidManifest.xml:8:22-64
16    <!--
17     io.flutter.app.FlutterApplication is an android.app.Application that
18         calls FlutterMain.startInitialization(this); in its onCreate method.
19         In most cases you can leave this as-is, but you if you want to provide
20         additional functionality it is fine to subclass or reimplement
21         FlutterApplication and put your custom class here.
22    -->
23    <application
23-->src\main\AndroidManifest.xml:15:5-37:19
24        android:appComponentFactory="androidx.core.app.CoreComponentFactory"
24-->[androidx.core:core:1.6.0] AndroidManifest.xml:24:18-86
25        android:debuggable="true"
26        android:icon="@mipmap/ic_launcher"
26-->src\main\AndroidManifest.xml:17:9-43
27        android:label="mi_card" >
27-->src\main\AndroidManifest.xml:16:9-32
28        <activity
28-->src\main\AndroidManifest.xml:18:9-36:20
29            android:name="co.appbrewery.micard.MainActivity"
29-->src\main\AndroidManifest.xml:19:13-41
30            android:configChanges="orientation|keyboardHidden|keyboard|screenSize|locale|layoutDirection|fontScale|screenLayout|density"
30-->src\main\AndroidManifest.xml:22:13-137
31            android:hardwareAccelerated="true"
31-->src\main\AndroidManifest.xml:23:13-47
32            android:launchMode="singleTop"
32-->src\main\AndroidManifest.xml:20:13-43
33            android:theme="@style/LaunchTheme"
33-->src\main\AndroidManifest.xml:21:13-47
34            android:windowSoftInputMode="adjustResize" >
34-->src\main\AndroidManifest.xml:24:13-55
35
36            <!--
37                 This keeps the window background of the activity showing
38                 until Flutter renders its first frame. It can be removed if
39                 there is no splash screen (such as the default splash screen
40                 defined in @style/LaunchTheme).
41            -->
42            <meta-data
42-->src\main\AndroidManifest.xml:29:13-31:37
43                android:name="flutterEmbedding"
43-->src\main\AndroidManifest.xml:30:17-48
44                android:value="2" />
44-->src\main\AndroidManifest.xml:31:17-34
45
46            <intent-filter>
46-->src\main\AndroidManifest.xml:32:13-35:29
47                <action android:name="android.intent.action.MAIN" />
47-->src\main\AndroidManifest.xml:33:17-68
47-->src\main\AndroidManifest.xml:33:25-66
48
49                <category android:name="android.intent.category.LAUNCHER" />
49-->src\main\AndroidManifest.xml:34:17-76
49-->src\main\AndroidManifest.xml:34:27-74
50            </intent-filter>
51        </activity>
52
53        <uses-library
53-->[androidx.window:window:1.0.0-beta04] AndroidManifest.xml:25:9-27:40
54            android:name="androidx.window.extensions"
54-->[androidx.window:window:1.0.0-beta04] AndroidManifest.xml:26:13-54
55            android:required="false" />
55-->[androidx.window:window:1.0.0-beta04] AndroidManifest.xml:27:13-37
56        <uses-library
56-->[androidx.window:window:1.0.0-beta04] AndroidManifest.xml:28:9-30:40
57            android:name="androidx.window.sidecar"
57-->[androidx.window:window:1.0.0-beta04] AndroidManifest.xml:29:13-51
58            android:required="false" />
58-->[androidx.window:window:1.0.0-beta04] AndroidManifest.xml:30:13-37
59    </application>
60
61</manifest>